<?xml version="1.0" encoding="UTF-8"?>
<testsuite xmlns:xsi="http://www.w3.org/2001/XMLSchema-instance" xsi:noNamespaceSchemaLocation="https://maven.apache.org/surefire/maven-surefire-plugin/xsd/surefire-test-report.xsd" name="com.pranay.basedomains.BaseDomainsApplicationTests" time="1.174" tests="1" errors="0" skipped="0" failures="0">
  <properties>
    <property name="java.specification.version" value="17"/>
    <property name="sun.jnu.encoding" value="UTF-8"/>
    <property name="java.class.path" value="/Users/pranay/IdeaProjects/springboot-kafka-microservices/base-domains/target/test-classes:/Users/pranay/IdeaProjects/springboot-kafka-microservices/base-domains/target/classes:/Users/pranay/.m2/repository/org/springframework/boot/spring-boot-starter/3.0.0-M4/spring-boot-starter-3.0.0-M4.jar:/Users/pranay/.m2/repository/org/springframework/boot/spring-boot/3.0.0-M4/spring-boot-3.0.0-M4.jar:/Users/pranay/.m2/repository/org/springframework/spring-context/6.0.0-M5/spring-context-6.0.0-M5.jar:/Users/pranay/.m2/repository/org/springframework/spring-aop/6.0.0-M5/spring-aop-6.0.0-M5.jar:/Users/pranay/.m2/repository/org/springframework/spring-beans/6.0.0-M5/spring-beans-6.0.0-M5.jar:/Users/pranay/.m2/repository/org/springframework/spring-expression/6.0.0-M5/spring-expression-6.0.0-M5.jar:/Users/pranay/.m2/repository/org/springframework/boot/spring-boot-autoconfigure/3.0.0-M4/spring-boot-autoconfigure-3.0.0-M4.jar:/Users/pranay/.m2/repository/org/springframework/boot/spring-boot-starter-logging/3.0.0-M4/spring-boot-starter-logging-3.0.0-M4.jar:/Users/pranay/.m2/repository/ch/qos/logback/logback-classic/1.2.11/logback-classic-1.2.11.jar:/Users/pranay/.m2/repository/ch/qos/logback/logback-core/1.2.11/logback-core-1.2.11.jar:/Users/pranay/.m2/repository/org/apache/logging/log4j/log4j-to-slf4j/2.18.0/log4j-to-slf4j-2.18.0.jar:/Users/pranay/.m2/repository/org/apache/logging/log4j/log4j-api/2.18.0/log4j-api-2.18.0.jar:/Users/pranay/.m2/repository/org/slf4j/jul-to-slf4j/1.7.36/jul-to-slf4j-1.7.36.jar:/Users/pranay/.m2/repository/jakarta/annotation/jakarta.annotation-api/2.0.0/jakarta.annotation-api-2.0.0.jar:/Users/pranay/.m2/repository/org/springframework/spring-core/6.0.0-M5/spring-core-6.0.0-M5.jar:/Users/pranay/.m2/repository/org/springframework/spring-jcl/6.0.0-M5/spring-jcl-6.0.0-M5.jar:/Users/pranay/.m2/repository/org/yaml/snakeyaml/1.30/snakeyaml-1.30.jar:/Users/pranay/.m2/repository/org/projectlombok/lombok/1.18.24/lombok-1.18.24.jar:/Users/pranay/.m2/repository/org/springframework/boot/spring-boot-starter-test/3.0.0-M4/spring-boot-starter-test-3.0.0-M4.jar:/Users/pranay/.m2/repository/org/springframework/boot/spring-boot-test/3.0.0-M4/spring-boot-test-3.0.0-M4.jar:/Users/pranay/.m2/repository/org/springframework/boot/spring-boot-test-autoconfigure/3.0.0-M4/spring-boot-test-autoconfigure-3.0.0-M4.jar:/Users/pranay/.m2/repository/com/jayway/jsonpath/json-path/2.7.0/json-path-2.7.0.jar:/Users/pranay/.m2/repository/net/minidev/json-smart/2.4.8/json-smart-2.4.8.jar:/Users/pranay/.m2/repository/net/minidev/accessors-smart/2.4.8/accessors-smart-2.4.8.jar:/Users/pranay/.m2/repository/org/ow2/asm/asm/9.1/asm-9.1.jar:/Users/pranay/.m2/repository/org/slf4j/slf4j-api/1.7.36/slf4j-api-1.7.36.jar:/Users/pranay/.m2/repository/jakarta/xml/bind/jakarta.xml.bind-api/3.0.1/jakarta.xml.bind-api-3.0.1.jar:/Users/pranay/.m2/repository/com/sun/activation/jakarta.activation/2.0.1/jakarta.activation-2.0.1.jar:/Users/pranay/.m2/repository/org/assertj/assertj-core/3.23.1/assertj-core-3.23.1.jar:/Users/pranay/.m2/repository/net/bytebuddy/byte-buddy/1.12.12/byte-buddy-1.12.12.jar:/Users/pranay/.m2/repository/org/hamcrest/hamcrest/2.2/hamcrest-2.2.jar:/Users/pranay/.m2/repository/org/junit/jupiter/junit-jupiter/5.8.2/junit-jupiter-5.8.2.jar:/Users/pranay/.m2/repository/org/junit/jupiter/junit-jupiter-api/5.8.2/junit-jupiter-api-5.8.2.jar:/Users/pranay/.m2/repository/org/opentest4j/opentest4j/1.2.0/opentest4j-1.2.0.jar:/Users/pranay/.m2/repository/org/junit/platform/junit-platform-commons/1.8.2/junit-platform-commons-1.8.2.jar:/Users/pranay/.m2/repository/org/apiguardian/apiguardian-api/1.1.2/apiguardian-api-1.1.2.jar:/Users/pranay/.m2/repository/org/junit/jupiter/junit-jupiter-params/5.8.2/junit-jupiter-params-5.8.2.jar:/Users/pranay/.m2/repository/org/junit/jupiter/junit-jupiter-engine/5.8.2/junit-jupiter-engine-5.8.2.jar:/Users/pranay/.m2/repository/org/junit/platform/junit-platform-engine/1.8.2/junit-platform-engine-1.8.2.jar:/Users/pranay/.m2/repository/org/mockito/mockito-core/4.6.1/mockito-core-4.6.1.jar:/Users/pranay/.m2/repository/net/bytebuddy/byte-buddy-agent/1.12.12/byte-buddy-agent-1.12.12.jar:/Users/pranay/.m2/repository/org/objenesis/objenesis/3.2/objenesis-3.2.jar:/Users/pranay/.m2/repository/org/mockito/mockito-junit-jupiter/4.6.1/mockito-junit-jupiter-4.6.1.jar:/Users/pranay/.m2/repository/org/skyscreamer/jsonassert/1.5.1/jsonassert-1.5.1.jar:/Users/pranay/.m2/repository/com/vaadin/external/google/android-json/0.0.20131108.vaadin1/android-json-0.0.20131108.vaadin1.jar:/Users/pranay/.m2/repository/org/springframework/spring-test/6.0.0-M5/spring-test-6.0.0-M5.jar:/Users/pranay/.m2/repository/org/xmlunit/xmlunit-core/2.9.0/xmlunit-core-2.9.0.jar:"/>
    <property name="java.vm.vendor" value="Amazon.com Inc."/>
    <property name="sun.arch.data.model" value="64"/>
    <property name="java.vendor.url" value="https://aws.amazon.com/corretto/"/>
    <property name="os.name" value="Mac OS X"/>
    <property name="java.vm.specification.version" value="17"/>
    <property name="sun.java.launcher" value="SUN_STANDARD"/>
    <property name="user.country" value="IE"/>
    <property name="sun.boot.library.path" value="/Users/pranay/Library/Java/JavaVirtualMachines/corretto-17.0.4.1/Contents/Home/lib"/>
    <property name="sun.java.command" value="/Users/pranay/IdeaProjects/springboot-kafka-microservices/base-domains/target/surefire/surefirebooter10623318747816832486.jar /Users/pranay/IdeaProjects/springboot-kafka-microservices/base-domains/target/surefire 2022-09-17T20-57-55_726-jvmRun1 surefire7834228582776146751tmp surefire_016543215859242739206tmp"/>
    <property name="http.nonProxyHosts" value="local|*.local|169.254/16|*.169.254/16"/>
    <property name="jdk.debug" value="release"/>
    <property name="surefire.test.class.path" value="/Users/pranay/IdeaProjects/springboot-kafka-microservices/base-domains/target/test-classes:/Users/pranay/IdeaProjects/springboot-kafka-microservices/base-domains/target/classes:/Users/pranay/.m2/repository/org/springframework/boot/spring-boot-starter/3.0.0-M4/spring-boot-starter-3.0.0-M4.jar:/Users/pranay/.m2/repository/org/springframework/boot/spring-boot/3.0.0-M4/spring-boot-3.0.0-M4.jar:/Users/pranay/.m2/repository/org/springframework/spring-context/6.0.0-M5/spring-context-6.0.0-M5.jar:/Users/pranay/.m2/repository/org/springframework/spring-aop/6.0.0-M5/spring-aop-6.0.0-M5.jar:/Users/pranay/.m2/repository/org/springframework/spring-beans/6.0.0-M5/spring-beans-6.0.0-M5.jar:/Users/pranay/.m2/repository/org/springframework/spring-expression/6.0.0-M5/spring-expression-6.0.0-M5.jar:/Users/pranay/.m2/repository/org/springframework/boot/spring-boot-autoconfigure/3.0.0-M4/spring-boot-autoconfigure-3.0.0-M4.jar:/Users/pranay/.m2/repository/org/springframework/boot/spring-boot-starter-logging/3.0.0-M4/spring-boot-starter-logging-3.0.0-M4.jar:/Users/pranay/.m2/repository/ch/qos/logback/logback-classic/1.2.11/logback-classic-1.2.11.jar:/Users/pranay/.m2/repository/ch/qos/logback/logback-core/1.2.11/logback-core-1.2.11.jar:/Users/pranay/.m2/repository/org/apache/logging/log4j/log4j-to-slf4j/2.18.0/log4j-to-slf4j-2.18.0.jar:/Users/pranay/.m2/repository/org/apache/logging/log4j/log4j-api/2.18.0/log4j-api-2.18.0.jar:/Users/pranay/.m2/repository/org/slf4j/jul-to-slf4j/1.7.36/jul-to-slf4j-1.7.36.jar:/Users/pranay/.m2/repository/jakarta/annotation/jakarta.annotation-api/2.0.0/jakarta.annotation-api-2.0.0.jar:/Users/pranay/.m2/repository/org/springframework/spring-core/6.0.0-M5/spring-core-6.0.0-M5.jar:/Users/pranay/.m2/repository/org/springframework/spring-jcl/6.0.0-M5/spring-jcl-6.0.0-M5.jar:/Users/pranay/.m2/repository/org/yaml/snakeyaml/1.30/snakeyaml-1.30.jar:/Users/pranay/.m2/repository/org/projectlombok/lombok/1.18.24/lombok-1.18.24.jar:/Users/pranay/.m2/repository/org/springframework/boot/spring-boot-starter-test/3.0.0-M4/spring-boot-starter-test-3.0.0-M4.jar:/Users/pranay/.m2/repository/org/springframework/boot/spring-boot-test/3.0.0-M4/spring-boot-test-3.0.0-M4.jar:/Users/pranay/.m2/repository/org/springframework/boot/spring-boot-test-autoconfigure/3.0.0-M4/spring-boot-test-autoconfigure-3.0.0-M4.jar:/Users/pranay/.m2/repository/com/jayway/jsonpath/json-path/2.7.0/json-path-2.7.0.jar:/Users/pranay/.m2/repository/net/minidev/json-smart/2.4.8/json-smart-2.4.8.jar:/Users/pranay/.m2/repository/net/minidev/accessors-smart/2.4.8/accessors-smart-2.4.8.jar:/Users/pranay/.m2/repository/org/ow2/asm/asm/9.1/asm-9.1.jar:/Users/pranay/.m2/repository/org/slf4j/slf4j-api/1.7.36/slf4j-api-1.7.36.jar:/Users/pranay/.m2/repository/jakarta/xml/bind/jakarta.xml.bind-api/3.0.1/jakarta.xml.bind-api-3.0.1.jar:/Users/pranay/.m2/repository/com/sun/activation/jakarta.activation/2.0.1/jakarta.activation-2.0.1.jar:/Users/pranay/.m2/repository/org/assertj/assertj-core/3.23.1/assertj-core-3.23.1.jar:/Users/pranay/.m2/repository/net/bytebuddy/byte-buddy/1.12.12/byte-buddy-1.12.12.jar:/Users/pranay/.m2/repository/org/hamcrest/hamcrest/2.2/hamcrest-2.2.jar:/Users/pranay/.m2/repository/org/junit/jupiter/junit-jupiter/5.8.2/junit-jupiter-5.8.2.jar:/Users/pranay/.m2/repository/org/junit/jupiter/junit-jupiter-api/5.8.2/junit-jupiter-api-5.8.2.jar:/Users/pranay/.m2/repository/org/opentest4j/opentest4j/1.2.0/opentest4j-1.2.0.jar:/Users/pranay/.m2/repository/org/junit/platform/junit-platform-commons/1.8.2/junit-platform-commons-1.8.2.jar:/Users/pranay/.m2/repository/org/apiguardian/apiguardian-api/1.1.2/apiguardian-api-1.1.2.jar:/Users/pranay/.m2/repository/org/junit/jupiter/junit-jupiter-params/5.8.2/junit-jupiter-params-5.8.2.jar:/Users/pranay/.m2/repository/org/junit/jupiter/junit-jupiter-engine/5.8.2/junit-jupiter-engine-5.8.2.jar:/Users/pranay/.m2/repository/org/junit/platform/junit-platform-engine/1.8.2/junit-platform-engine-1.8.2.jar:/Users/pranay/.m2/repository/org/mockito/mockito-core/4.6.1/mockito-core-4.6.1.jar:/Users/pranay/.m2/repository/net/bytebuddy/byte-buddy-agent/1.12.12/byte-buddy-agent-1.12.12.jar:/Users/pranay/.m2/repository/org/objenesis/objenesis/3.2/objenesis-3.2.jar:/Users/pranay/.m2/repository/org/mockito/mockito-junit-jupiter/4.6.1/mockito-junit-jupiter-4.6.1.jar:/Users/pranay/.m2/repository/org/skyscreamer/jsonassert/1.5.1/jsonassert-1.5.1.jar:/Users/pranay/.m2/repository/com/vaadin/external/google/android-json/0.0.20131108.vaadin1/android-json-0.0.20131108.vaadin1.jar:/Users/pranay/.m2/repository/org/springframework/spring-test/6.0.0-M5/spring-test-6.0.0-M5.jar:/Users/pranay/.m2/repository/org/xmlunit/xmlunit-core/2.9.0/xmlunit-core-2.9.0.jar:"/>
    <property name="sun.cpu.endian" value="little"/>
    <property name="user.home" value="/Users/pranay"/>
    <property name="user.language" value="en"/>
    <property name="java.specification.vendor" value="Oracle Corporation"/>
    <property name="java.version.date" value="2022-08-12"/>
    <property name="java.home" value="/Users/pranay/Library/Java/JavaVirtualMachines/corretto-17.0.4.1/Contents/Home"/>
    <property name="file.separator" value="/"/>
    <property name="basedir" value="/Users/pranay/IdeaProjects/springboot-kafka-microservices/base-domains"/>
    <property name="java.vm.compressedOopsMode" value="Zero based"/>
    <property name="line.separator" value="&#10;"/>
    <property name="java.vm.specification.vendor" value="Oracle Corporation"/>
    <property name="java.specification.name" value="Java Platform API Specification"/>
    <property name="surefire.real.class.path" value="/Users/pranay/IdeaProjects/springboot-kafka-microservices/base-domains/target/surefire/surefirebooter10623318747816832486.jar"/>
    <property name="sun.management.compiler" value="HotSpot 64-Bit Tiered Compilers"/>
    <property name="ftp.nonProxyHosts" value="local|*.local|169.254/16|*.169.254/16"/>
    <property name="java.runtime.version" value="17.0.4.1+9-LTS"/>
    <property name="user.name" value="pranay"/>
    <property name="path.separator" value=":"/>
    <property name="os.version" value="12.6"/>
    <property name="java.runtime.name" value="OpenJDK Runtime Environment"/>
    <property name="file.encoding" value="UTF-8"/>
    <property name="java.vm.name" value="OpenJDK 64-Bit Server VM"/>
    <property name="java.vendor.version" value="Corretto-17.0.4.9.1"/>
    <property name="localRepository" value="/Users/pranay/.m2/repository"/>
    <property name="java.vendor.url.bug" value="https://github.com/corretto/corretto-17/issues/"/>
    <property name="java.io.tmpdir" value="/var/folders/l8/3kcvz7_n5gv7d1xp1lqf83bc0000gn/T/"/>
    <property name="idea.version" value="2022.2.2"/>
    <property name="java.version" value="17.0.4.1"/>
    <property name="user.dir" value="/Users/pranay/IdeaProjects/springboot-kafka-microservices/base-domains"/>
    <property name="os.arch" value="aarch64"/>
    <property name="java.vm.specification.name" value="Java Virtual Machine Specification"/>
    <property name="native.encoding" value="UTF-8"/>
    <property name="java.library.path" value="/Users/pranay/Library/Java/Extensions:/Library/Java/Extensions:/Network/Library/Java/Extensions:/System/Library/Java/Extensions:/usr/lib/java:."/>
    <property name="java.vm.info" value="mixed mode, sharing"/>
    <property name="java.vendor" value="Amazon.com Inc."/>
    <property name="java.vm.version" value="17.0.4.1+9-LTS"/>
    <property name="sun.io.unicode.encoding" value="UnicodeBig"/>
    <property name="socksNonProxyHosts" value="local|*.local|169.254/16|*.169.254/16"/>
    <property name="java.class.version" value="61.0"/>
  </properties>
  <testcase name="contextLoads" classname="com.pranay.basedomains.BaseDomainsApplicationTests" time="0.342"/>
</testsuite>